<?xml version="1.0" encoding="UTF-8"?>
<!-- Generated by org.testng.reporters.JUnitReportReporter -->
<testsuite hostname="DESKTOP-O0EVOC1" failures="0" tests="2" name="TestCases.VerifyLogin_Page" time="10.725" errors="0" timestamp="2022-03-01T12:18:09 IST" skipped="0">
  <testcase classname="TestCases.VerifyLogin_Page" name="launchBrowser" time="5.869"/>
  <system-out/>
  <testcase classname="TestCases.VerifyLogin_Page" name="launchBrowser" time="4.856"/>
  <system-out/>
</testsuite> <!-- TestCases.VerifyLogin_Page -->
