<?xml version="1.0" encoding="UTF-8"?>
<!-- Generated by org.testng.reporters.JUnitReportReporter -->
<testsuite hostname="DESKTOP-O0EVOC1" failures="0" tests="2" name="TestCases.VerifyLogin1_page" time="41.917" errors="0" timestamp="2022-02-24T12:20:47 IST" skipped="0">
  <testcase classname="TestCases.VerifyLogin1_page" name="LaunchBrowser2" time="29.940"/>
  <system-out/>
  <testcase classname="TestCases.VerifyLogin1_page" name="LaunchBrowser1" time="11.977"/>
  <system-out/>
</testsuite> <!-- TestCases.VerifyLogin1_page -->
