<?xml version="1.0" encoding="UTF-8"?>
<!-- Generated by org.testng.reporters.JUnitReportReporter -->
<testsuite hostname="DESKTOP-O0EVOC1" failures="0" tests="1" name="TestCases.Verify_SignUpPahe" time="30.629" errors="0" timestamp="2022-02-24T18:09:00 IST" skipped="0">
  <testcase classname="TestCases.Verify_SignUpPahe" name="LaunchBrowser2" time="30.629"/>
  <system-out/>
</testsuite> <!-- TestCases.Verify_SignUpPahe -->
