<?xml version="1.0" encoding="UTF-8"?>
<!-- Generated by org.testng.reporters.JUnitReportReporter -->
<testsuite hostname="DESKTOP-O0EVOC1" failures="0" tests="2" name="TestCases.VerifyLogin_Page" time="11.623" errors="0" timestamp="2022-02-24T18:09:00 IST" skipped="0">
  <testcase classname="TestCases.VerifyLogin_Page" name="launchBrowser" time="5.479"/>
  <system-out/>
  <testcase classname="TestCases.VerifyLogin_Page" name="launchBrowser" time="6.144"/>
  <system-out/>
</testsuite> <!-- TestCases.VerifyLogin_Page -->
